[2025-09-25 12:21:20]
#0 C:\localhost\Php\function.php(20): DB->openCon()
#1 {main}
Class "mysqli" not found

[2025-09-25 12:21:20]
#0 C:\localhost\Php\function.php(21): DB->getUser()
#1 {main}
Call to undefined function mysqli_query()

[2025-09-25 12:21:48]
#0 C:\localhost\Php\function.php(20): DB->openCon()
#1 {main}
Class "mysqli" not found

[2025-09-25 12:21:48]
#0 C:\localhost\Php\function.php(21): DB->getUser()
#1 {main}
Call to undefined function mysqli_query()

[2025-09-25 12:22:01]
#0 C:\localhost\Php\function.php(20): DB->openCon()
#1 {main}
Class "mysqli" not found

[2025-09-25 12:22:01]
#0 C:\localhost\Php\function.php(21): DB->getUser()
#1 {main}
Call to undefined function mysqli_query()

[2025-09-25 12:22:03]
#0 C:\localhost\Php\function.php(20): DB->openCon()
#1 {main}
Class "mysqli" not found

[2025-09-25 12:22:03]
#0 C:\localhost\Php\function.php(21): DB->getUser()
#1 {main}
Call to undefined function mysqli_query()

[2025-09-25 12:22:23]
#0 C:\localhost\Php\function.php(20): DB->openCon()
#1 {main}
Class "mysqli" not found

[2025-09-25 12:22:23]
#0 C:\localhost\Php\function.php(21): DB->getUser()
#1 {main}
Call to undefined function mysqli_query()

[2025-09-25 12:22:56]
#0 C:\localhost\Php\function.php(20): DB->openCon()
#1 {main}
Class "mysqli" not found

[2025-09-25 12:22:56]
#0 C:\localhost\Php\function.php(21): DB->getUser()
#1 {main}
Call to undefined function mysqli_query()

[2025-09-25 12:23:35]
#0 C:\localhost\Php\function.php(20): DB->openCon()
#1 {main}
Class "mysqli" not found

[2025-09-25 12:23:35]
#0 C:\localhost\Php\function.php(21): DB->getUser()
#1 {main}
Call to undefined function mysqli_query()

[2025-09-25 12:23:59]
#0 C:\localhost\Php\function.php(20): DB->openCon()
#1 {main}
Class "mysqli" not found

[2025-09-25 12:23:59]
#0 C:\localhost\Php\function.php(21): DB->getUser()
#1 {main}
Call to undefined function mysqli_query()

[2025-09-25 12:24:05]
#0 C:\localhost\Php\function.php(20): DB->openCon()
#1 {main}
Class "mysqli" not found

[2025-09-25 12:24:05]
#0 C:\localhost\Php\function.php(21): DB->getUser()
#1 {main}
Call to undefined function mysqli_query()

[2025-09-25 12:24:26]
#0 C:\localhost\Php\function.php(20): DB->openCon()
#1 {main}
Class "mysqli" not found

[2025-09-25 12:26:30]
#0 C:\localhost\Php\function.php(21): DB->openCon()
#1 {main}
Class "mysqli" not found

[2025-09-25 12:26:30]
#0 C:\localhost\Php\function.php(22): DB->getUser()
#1 {main}
Call to undefined function mysqli_query()

[2025-09-25 12:26:46]
#0 C:\localhost\Php\function.php(21): DB->openCon()
#1 {main}
Class "mysqli" not found

[2025-09-25 12:26:46]
#0 C:\localhost\Php\function.php(22): DB->getUser()
#1 {main}
Call to undefined function mysqli_query()

[2025-09-25 12:27:05]
#0 C:\localhost\Php\function.php(21): DB->openCon()
#1 {main}
Class "mysqli" not found

[2025-09-25 12:27:05]
#0 C:\localhost\Php\function.php(22): DB->getUser()
#1 {main}
Call to undefined function mysqli_query()

[2025-09-25 12:27:28]
#0 C:\localhost\Php\function.php(22): DB->openCon()
#1 {main}
Class "mysqli" not found

[2025-09-25 12:27:28]
#0 C:\localhost\Php\function.php(23): DB->getUser()
#1 {main}
Call to undefined function mysqli_query()

[2025-09-25 12:27:41]
#0 C:\localhost\Php\function.php(22): DB->openCon()
#1 {main}
Class "mysqli" not found

[2025-09-25 12:27:41]
#0 C:\localhost\Php\function.php(23): DB->getUser()
#1 {main}
Call to undefined function mysqli_query()

[2025-09-25 12:28:01]
#0 C:\localhost\Php\function.php(22): DB->openCon()
#1 {main}
Class "mysqli" not found

[2025-09-25 12:28:01]
#0 C:\localhost\Php\function.php(23): DB->getUser()
#1 {main}
Call to undefined function mysqli_query()

[2025-09-25 12:28:14]
#0 C:\localhost\Php\function.php(21): DB->openCon()
#1 {main}
Class "mysqli" not found

[2025-09-25 12:28:14]
#0 C:\localhost\Php\function.php(22): DB->getUser()
#1 {main}
Call to undefined function mysqli_query()

[2025-09-25 12:28:17]
#0 C:\localhost\Php\function.php(21): DB->openCon()
#1 {main}
Class "mysqli" not found

[2025-09-25 12:28:17]
#0 C:\localhost\Php\function.php(22): DB->getUser()
#1 {main}
Call to undefined function mysqli_query()

[2025-09-25 12:28:28]
#0 C:\localhost\Php\function.php(21): DB->openCon()
#1 {main}
Class "mysqli" not found

[2025-09-25 12:28:28]
#0 C:\localhost\Php\function.php(23): DB->getUser()
#1 {main}
Call to undefined function mysqli_query()

[2025-09-25 12:29:32]
#0 C:\localhost\Php\function.php(21): DB->openCon()
#1 {main}
Class "mysqli" not found

[2025-09-25 12:29:32]
#0 C:\localhost\Php\function.php(23): DB->getUser()
#1 {main}
Call to undefined function mysqli_query()

[2025-09-25 12:33:40]
#0 C:\localhost\Php\function.php(21): DB->openCon()
#1 {main}
Class "mysqli" not found

[2025-09-25 12:33:40]
#0 C:\localhost\Php\function.php(23): DB->getUser()
#1 {main}
Call to undefined function mysqli_query()

[2025-09-25 12:43:49]
#0 C:\localhost\Php\function.php(21): DB->openCon()
#1 {main}
Class "mysqli" not found

[2025-09-25 12:43:49]
#0 C:\localhost\Php\function.php(23): DB->getUser()
#1 {main}
Call to undefined function mysqli_query()

[2025-09-25 12:44:25]
#0 C:\localhost\Php\function.php(21): DB->openCon()
#1 {main}
Class "mysqli" not found

[2025-09-25 12:44:25]
#0 C:\localhost\Php\function.php(23): DB->getUser()
#1 {main}
Call to undefined function mysqli_query()

[2025-09-25 12:50:23]
#0 C:\localhost\Php\function.php(21): DB->openCon()
#1 {main}
Class "mysqli" not found

[2025-09-25 12:50:23]
#0 C:\localhost\Php\function.php(23): DB->getUser()
#1 {main}
Call to undefined function mysqli_query()

[2025-09-25 12:50:55]
#0 C:\localhost\Php\index.php(7): DB->openCon()
#1 {main}
Class "mysqli" not found

[2025-09-25 12:50:55]
#0 C:\localhost\Php\index.php(8): DB->addUser()
#1 {main}
Call to a member function close() on null

[2025-09-25 12:51:14]
#0 C:\localhost\Php\index.php(7): DB->openCon()
#1 {main}
Class "mysqli" not found

[2025-09-25 12:51:14]
#0 C:\localhost\Php\index.php(8): DB->addUser()
#1 {main}
Call to a member function close() on null

[2025-09-25 12:56:30]
#0 C:\localhost\Php\function.php(23): DB->getUser()
#1 {main}
count(): Argument #1 ($value) must be of type Countable|array, mysqli_result given

[2025-09-25 12:56:45]
#0 C:\localhost\Php\function.php(23): DB->getUser()
#1 {main}
count(): Argument #1 ($value) must be of type Countable|array, mysqli_result given

[2025-09-25 14:11:38]
#0 C:\localhost\Php\db.php(57): mysqli_query()
#1 C:\localhost\Php\function.php(19): DB->getUser()
#2 C:\localhost\Php\index.php(3): require_once('...')
#3 {main}
mysqli_query(): Argument #1 ($mysql) must be of type mysqli, null given

[2025-09-25 14:11:41]
#0 C:\localhost\Php\db.php(57): mysqli_query()
#1 C:\localhost\Php\function.php(19): DB->getUser()
#2 C:\localhost\Php\index.php(3): require_once('...')
#3 {main}
mysqli_query(): Argument #1 ($mysql) must be of type mysqli, null given

[2025-09-25 14:11:52]
#0 C:\localhost\Php\db.php(57): mysqli_query()
#1 C:\localhost\Php\function.php(19): DB->getUser()
#2 C:\localhost\Php\index.php(3): require_once('...')
#3 {main}
mysqli_query(): Argument #1 ($mysql) must be of type mysqli, null given

[2025-09-25 14:19:59]
#0 C:\localhost\Php\db.php(57): mysqli_query()
#1 C:\localhost\Php\function.php(19): DB->getUser()
#2 C:\localhost\Php\index.php(3): require_once('...')
#3 {main}
mysqli_query(): Argument #1 ($mysql) must be of type mysqli, null given

[2025-09-25 14:19:59]
#0 C:\localhost\Php\function.php(19): DB->getUser()
#1 C:\localhost\Php\index.php(3): require_once('...')
#2 {main}
Call to a member function close() on null

[2025-09-25 14:20:04]
#0 C:\localhost\Php\db.php(57): mysqli_query()
#1 C:\localhost\Php\function.php(19): DB->getUser()
#2 C:\localhost\Php\index.php(3): require_once('...')
#3 {main}
mysqli_query(): Argument #1 ($mysql) must be of type mysqli, null given

[2025-09-25 14:20:04]
#0 C:\localhost\Php\function.php(19): DB->getUser()
#1 C:\localhost\Php\index.php(3): require_once('...')
#2 {main}
Call to a member function close() on null

[2025-09-25 14:20:14]
#0 C:\localhost\Php\db.php(57): mysqli_query()
#1 C:\localhost\Php\function.php(19): DB->getUser()
#2 C:\localhost\Php\index.php(3): require_once('...')
#3 {main}
mysqli_query(): Argument #1 ($mysql) must be of type mysqli, null given

[2025-09-25 14:20:14]
#0 C:\localhost\Php\function.php(19): DB->getUser()
#1 C:\localhost\Php\index.php(3): require_once('...')
#2 {main}
Call to a member function close() on null

[2025-09-25 14:20:27]
#0 C:\localhost\Php\db.php(57): mysqli_query()
#1 C:\localhost\Php\function.php(19): DB->getUser()
#2 C:\localhost\Php\index.php(3): require_once('...')
#3 {main}
mysqli_query(): Argument #1 ($mysql) must be of type mysqli, null given

[2025-09-25 14:20:27]
#0 C:\localhost\Php\function.php(19): DB->getUser()
#1 C:\localhost\Php\index.php(3): require_once('...')
#2 {main}
Call to a member function close() on null

[2025-09-25 14:20:41]
#0 C:\localhost\Php\db.php(57): mysqli_query()
#1 C:\localhost\Php\function.php(19): DB->getUser()
#2 C:\localhost\Php\index.php(3): require_once('...')
#3 {main}
mysqli_query(): Argument #1 ($mysql) must be of type mysqli, null given

[2025-09-25 14:20:41]
#0 C:\localhost\Php\function.php(19): DB->getUser()
#1 C:\localhost\Php\index.php(3): require_once('...')
#2 {main}
Call to a member function close() on null

[2025-09-25 14:20:43]
#0 C:\localhost\Php\db.php(57): mysqli_query()
#1 C:\localhost\Php\function.php(19): DB->getUser()
#2 C:\localhost\Php\index.php(3): require_once('...')
#3 {main}
mysqli_query(): Argument #1 ($mysql) must be of type mysqli, null given

[2025-09-25 14:20:43]
#0 C:\localhost\Php\function.php(19): DB->getUser()
#1 C:\localhost\Php\index.php(3): require_once('...')
#2 {main}
Call to a member function close() on null

[2025-09-25 14:20:43]
#0 C:\localhost\Php\db.php(57): mysqli_query()
#1 C:\localhost\Php\function.php(19): DB->getUser()
#2 C:\localhost\Php\index.php(3): require_once('...')
#3 {main}
mysqli_query(): Argument #1 ($mysql) must be of type mysqli, null given

[2025-09-25 14:20:43]
#0 C:\localhost\Php\function.php(19): DB->getUser()
#1 C:\localhost\Php\index.php(3): require_once('...')
#2 {main}
Call to a member function close() on null

[2025-09-25 14:20:44]
#0 C:\localhost\Php\db.php(57): mysqli_query()
#1 C:\localhost\Php\function.php(19): DB->getUser()
#2 C:\localhost\Php\index.php(3): require_once('...')
#3 {main}
mysqli_query(): Argument #1 ($mysql) must be of type mysqli, null given

[2025-09-25 14:20:44]
#0 C:\localhost\Php\function.php(19): DB->getUser()
#1 C:\localhost\Php\index.php(3): require_once('...')
#2 {main}
Call to a member function close() on null

[2025-09-25 14:20:47]
#0 C:\localhost\Php\db.php(57): mysqli_query()
#1 C:\localhost\Php\function.php(19): DB->getUser()
#2 C:\localhost\Php\index.php(3): require_once('...')
#3 {main}
mysqli_query(): Argument #1 ($mysql) must be of type mysqli, null given

[2025-09-25 14:20:47]
#0 C:\localhost\Php\function.php(19): DB->getUser()
#1 C:\localhost\Php\index.php(3): require_once('...')
#2 {main}
Call to a member function close() on null

[2025-09-25 14:20:48]
#0 C:\localhost\Php\db.php(57): mysqli_query()
#1 C:\localhost\Php\function.php(19): DB->getUser()
#2 C:\localhost\Php\index.php(3): require_once('...')
#3 {main}
mysqli_query(): Argument #1 ($mysql) must be of type mysqli, null given

[2025-09-25 14:20:48]
#0 C:\localhost\Php\function.php(19): DB->getUser()
#1 C:\localhost\Php\index.php(3): require_once('...')
#2 {main}
Call to a member function close() on null

[2025-09-25 14:20:48]
#0 C:\localhost\Php\db.php(57): mysqli_query()
#1 C:\localhost\Php\function.php(19): DB->getUser()
#2 C:\localhost\Php\index.php(3): require_once('...')
#3 {main}
mysqli_query(): Argument #1 ($mysql) must be of type mysqli, null given

[2025-09-25 14:20:48]
#0 C:\localhost\Php\function.php(19): DB->getUser()
#1 C:\localhost\Php\index.php(3): require_once('...')
#2 {main}
Call to a member function close() on null

[2025-09-25 14:20:48]
#0 C:\localhost\Php\db.php(57): mysqli_query()
#1 C:\localhost\Php\function.php(19): DB->getUser()
#2 C:\localhost\Php\index.php(3): require_once('...')
#3 {main}
mysqli_query(): Argument #1 ($mysql) must be of type mysqli, null given

[2025-09-25 14:20:48]
#0 C:\localhost\Php\function.php(19): DB->getUser()
#1 C:\localhost\Php\index.php(3): require_once('...')
#2 {main}
Call to a member function close() on null

[2025-09-25 14:20:48]
#0 C:\localhost\Php\db.php(57): mysqli_query()
#1 C:\localhost\Php\function.php(19): DB->getUser()
#2 C:\localhost\Php\index.php(3): require_once('...')
#3 {main}
mysqli_query(): Argument #1 ($mysql) must be of type mysqli, null given

[2025-09-25 14:20:48]
#0 C:\localhost\Php\function.php(19): DB->getUser()
#1 C:\localhost\Php\index.php(3): require_once('...')
#2 {main}
Call to a member function close() on null

